0 info it worked if it ends with ok
1 verbose cli [ '/usr/local/bin/node', '/usr/local/bin/npm', 'run', 'seedjson' ]
2 info using npm@2.15.9
3 info using node@v4.6.1
4 verbose run-script [ 'preseedjson', 'seedjson', 'postseedjson' ]
5 info preseedjson COGS120Food@0.0.1
6 info seedjson COGS120Food@0.0.1
7 verbose unsafe-perm in lifecycle true
8 info COGS120Food@0.0.1 Failed to exec seedjson script
9 verbose stack Error: COGS120Food@0.0.1 seedjson: `mongoimport --host 127.0.0.1:3001 --db meteor --collection foods --type json --file data.json --jsonArray --drop`
9 verbose stack spawn ENOENT
9 verbose stack     at ChildProcess.<anonymous> (/usr/local/lib/node_modules/npm/lib/utils/spawn.js:17:16)
9 verbose stack     at emitTwo (events.js:87:13)
9 verbose stack     at ChildProcess.emit (events.js:172:7)
9 verbose stack     at maybeClose (internal/child_process.js:829:16)
9 verbose stack     at Process.ChildProcess._handle.onexit (internal/child_process.js:211:5)
10 verbose pkgid COGS120Food@0.0.1
11 verbose cwd /Users/Nikkie/Desktop/cogs120
12 error Darwin 14.5.0
13 error argv "/usr/local/bin/node" "/usr/local/bin/npm" "run" "seedjson"
14 error node v4.6.1
15 error npm  v2.15.9
16 error file sh
17 error code ELIFECYCLE
18 error errno ENOENT
19 error syscall spawn
20 error COGS120Food@0.0.1 seedjson: `mongoimport --host 127.0.0.1:3001 --db meteor --collection foods --type json --file data.json --jsonArray --drop`
20 error spawn ENOENT
21 error Failed at the COGS120Food@0.0.1 seedjson script 'mongoimport --host 127.0.0.1:3001 --db meteor --collection foods --type json --file data.json --jsonArray --drop'.
21 error This is most likely a problem with the COGS120Food package,
21 error not with npm itself.
21 error Tell the author that this fails on your system:
21 error     mongoimport --host 127.0.0.1:3001 --db meteor --collection foods --type json --file data.json --jsonArray --drop
21 error You can get information on how to open an issue for this project with:
21 error     npm bugs COGS120Food
21 error Or if that isn't available, you can get their info via:
21 error
21 error     npm owner ls COGS120Food
21 error There is likely additional logging output above.
22 verbose exit [ 1, true ]
